{
  "stats": {
    "suites": 1,
    "tests": 2,
    "passes": 2,
    "pending": 0,
    "failures": 0,
    "start": "2025-01-13T12:52:34.625Z",
    "end": "2025-01-13T12:52:36.125Z",
    "duration": 1500,
    "testsRegistered": 2,
    "passPercent": 100,
    "pendingPercent": 0,
    "other": 0,
    "hasOther": false,
    "skipped": 0,
    "hasSkipped": false
  },
  "results": [
    {
      "uuid": "e2c365f8-1a0b-4a37-8de9-6cea0eb4c55f",
      "title": "",
      "fullFile": "C:\\Users\\UTIBE\\Desktop\\api_test_automation_framwork\\api_tests\\comment.test.js",
      "file": "\\api_tests\\comment.test.js",
      "beforeHooks": [],
      "afterHooks": [],
      "tests": [],
      "suites": [
        {
          "uuid": "ddd89aa7-e154-4a09-b84f-af8a9d174e78",
          "title": "test_comment",
          "fullFile": "C:\\Users\\UTIBE\\Desktop\\api_test_automation_framwork\\api_tests\\comment.test.js",
          "file": "\\api_tests\\comment.test.js",
          "beforeHooks": [],
          "afterHooks": [],
          "tests": [
            {
              "title": "get all comment",
              "fullTitle": "test_comment get all comment",
              "timedOut": false,
              "duration": 1219,
              "state": "passed",
              "speed": "slow",
              "pass": true,
              "fail": false,
              "pending": false,
              "context": null,
              "code": "let response=await api_client().get('/comments')\nassert_status_code(response.status,200)//asserting response",
              "err": {},
              "uuid": "47b592d6-ac1b-4a88-a49a-25c7bc3cc4ca",
              "parentUUID": "ddd89aa7-e154-4a09-b84f-af8a9d174e78",
              "isHook": false,
              "skipped": false
            },
            {
              "title": "get specific comment",
              "fullTitle": "test_comment get specific comment",
              "timedOut": false,
              "duration": 234,
              "state": "passed",
              "speed": "slow",
              "pass": true,
              "fail": false,
              "pending": false,
              "context": null,
              "code": "let response=await api_client().get('/comments',{'postId':1, 'email':'Eliseo@gardner.biz'})\nassert_status_code(response.status,200)//assert response code\nassert_json_key(response.data[0], 'email')// assert key\nassert_json_value(response.data[0],'email','Eliseo@gardner.biz')//assert key value\n\n//contract testing\nlet schema={\n    \"type\":\"object\",\n    \"properties\":{\n        \n            \"postId\": {\"type\":\"integer\"},\n            \"id\": {\"type\":\"integer\"},\n            \"name\": {\"type\": \"string\"},\n            \"email\":{\"type\": \"string\"},\n            \"body\": {\"type\": \"string\"},\n          \n    },\n\n    \"required\":[\"postId\",\"id\",\"name\",\"email\",\"body\"]\n}\n\n\nlet schemaValidation =new ContractValidator(schema)\nschemaValidation.validate_schema(response.data[0])",
              "err": {},
              "uuid": "1d1cc56a-e986-4814-b2c8-325271858eb8",
              "parentUUID": "ddd89aa7-e154-4a09-b84f-af8a9d174e78",
              "isHook": false,
              "skipped": false
            }
          ],
          "suites": [],
          "passes": [
            "47b592d6-ac1b-4a88-a49a-25c7bc3cc4ca",
            "1d1cc56a-e986-4814-b2c8-325271858eb8"
          ],
          "failures": [],
          "pending": [],
          "skipped": [],
          "duration": 1453,
          "root": false,
          "rootEmpty": false,
          "_timeout": 2000
        }
      ],
      "passes": [],
      "failures": [],
      "pending": [],
      "skipped": [],
      "duration": 0,
      "root": true,
      "rootEmpty": true,
      "_timeout": 2000
    }
  ],
  "meta": {
    "mocha": {
      "version": "11.0.1"
    },
    "mochawesome": {
      "options": {
        "quiet": false,
        "reportFilename": "mochawesome",
        "saveHtml": true,
        "saveJson": true,
        "consoleReporter": "spec",
        "useInlineDiffs": false,
        "code": true
      },
      "version": "7.1.3"
    },
    "marge": {
      "options": null,
      "version": "6.2.0"
    }
  }
}