{
  "stats": {
    "suites": 1,
    "tests": 2,
    "passes": 2,
    "pending": 0,
    "failures": 0,
    "start": "2025-01-18T03:40:12.258Z",
    "end": "2025-01-18T03:40:14.185Z",
    "duration": 1927,
    "testsRegistered": 2,
    "passPercent": 100,
    "pendingPercent": 0,
    "other": 0,
    "hasOther": false,
    "skipped": 0,
    "hasSkipped": false
  },
  "results": [
    {
      "uuid": "a0e6eb12-dceb-4edf-8672-b84c50f03354",
      "title": "",
      "fullFile": "C:\\Users\\UTIBE\\Desktop\\api_test_automation_framwork\\api_tests\\comment.test.js",
      "file": "\\api_tests\\comment.test.js",
      "beforeHooks": [],
      "afterHooks": [],
      "tests": [],
      "suites": [
        {
          "uuid": "845252d0-49a4-47f6-8313-ffbdf56bab92",
          "title": "test_comment",
          "fullFile": "C:\\Users\\UTIBE\\Desktop\\api_test_automation_framwork\\api_tests\\comment.test.js",
          "file": "\\api_tests\\comment.test.js",
          "beforeHooks": [],
          "afterHooks": [],
          "tests": [
            {
              "title": "get all comment",
              "fullTitle": "test_comment get all comment",
              "timedOut": null,
              "duration": 721,
              "state": "passed",
              "speed": "slow",
              "pass": true,
              "fail": false,
              "pending": false,
              "context": null,
              "code": "let response=await api_client().get('/comments')\nassert_status_code(response.status,200)//asserting response",
              "err": {},
              "uuid": "afbf789b-9c53-4857-90d7-a49cd46fe935",
              "parentUUID": null,
              "isHook": false,
              "skipped": false
            },
            {
              "title": "get specific comment",
              "fullTitle": "test_comment get specific comment",
              "timedOut": null,
              "duration": 187,
              "state": "passed",
              "speed": "slow",
              "pass": true,
              "fail": false,
              "pending": false,
              "context": null,
              "code": "let response=await api_client().get('/comments',{'postId':1, 'email':'Eliseo@gardner.biz'})\nassert_status_code(response.status,200)//assert response code\nassert_json_key(response.data[0], 'email')// assert key\nassert_json_value(response.data[0],'email','Eliseo@gardner.biz')//assert key value\n\n//contract testing\nlet schema={\n    \"type\":\"object\",\n    \"properties\":{\n        \n            \"postId\": {\"type\":\"integer\"},\n            \"id\": {\"type\":\"integer\"},\n            \"name\": {\"type\": \"string\"},\n            \"email\":{\"type\": \"string\"},\n            \"body\": {\"type\": \"string\"},\n          \n    },\n\n    \"required\":[\"postId\",\"id\",\"name\",\"email\",\"body\"]\n}\n\n\nlet schemaValidation =new ContractValidator(schema)\nschemaValidation.validate_schema(response.data[0])",
              "err": {},
              "uuid": "df52bebb-d227-4162-8eb2-a33e454ae2d1",
              "parentUUID": null,
              "isHook": false,
              "skipped": false
            }
          ],
          "suites": [],
          "passes": [
            "afbf789b-9c53-4857-90d7-a49cd46fe935",
            "df52bebb-d227-4162-8eb2-a33e454ae2d1"
          ],
          "failures": [],
          "pending": [],
          "skipped": [],
          "duration": 908,
          "root": false,
          "rootEmpty": false,
          "_timeout": null
        }
      ],
      "passes": [],
      "failures": [],
      "pending": [],
      "skipped": [],
      "duration": 0,
      "root": true,
      "rootEmpty": true,
      "_timeout": 2000
    }
  ],
  "meta": {
    "mocha": {
      "version": "11.0.1"
    },
    "mochawesome": {
      "options": {
        "quiet": false,
        "reportFilename": "mochawesome",
        "saveHtml": true,
        "saveJson": true,
        "consoleReporter": "spec",
        "useInlineDiffs": false,
        "code": true
      },
      "version": "7.1.3"
    },
    "marge": {
      "options": null,
      "version": "6.2.0"
    }
  }
}